0 info it worked if it ends with ok
1 verbose cli [ 'D:\\node\\node.exe',
1 verbose cli   'D:\\node\\node_modules\\npm\\bin\\npm-cli.js',
1 verbose cli   'run',
1 verbose cli   'dev' ]
2 info using npm@3.10.10
3 info using node@v6.11.3
4 verbose run-script [ 'predev', 'dev', 'postdev' ]
5 info lifecycle iview-project@2.1.0~predev: iview-project@2.1.0
6 silly lifecycle iview-project@2.1.0~predev: no script for predev, continuing
7 info lifecycle iview-project@2.1.0~dev: iview-project@2.1.0
8 verbose lifecycle iview-project@2.1.0~dev: unsafe-perm in lifecycle true
9 verbose lifecycle iview-project@2.1.0~dev: PATH: D:\node\node_modules\npm\bin\node-gyp-bin;E:\iview-project\node_modules\.bin;C:\Windows\System32;C:\windows\system32;C:\windows;C:\windows\System32\Wbem;C:\windows\System32\WindowsPowerShell\v1.0\;D:\小乌龟\bin;D:\git\Git\bin\;D:\node\;C:\Users\dz007\AppData\Roaming\npm
10 verbose lifecycle iview-project@2.1.0~dev: CWD: E:\iview-project
11 silly lifecycle iview-project@2.1.0~dev: Args: [ '/d /s /c',
11 silly lifecycle   'webpack-dev-server --content-base ./ --open --inline --hot --compress --history-api-fallback --config webpack.dev.config.js' ]
12 silly lifecycle iview-project@2.1.0~dev: Returned: code: 3221225786  signal: null
13 info lifecycle iview-project@2.1.0~dev: Failed to exec dev script
14 verbose stack Error: iview-project@2.1.0 dev: `webpack-dev-server --content-base ./ --open --inline --hot --compress --history-api-fallback --config webpack.dev.config.js`
14 verbose stack Exit status 3221225786
14 verbose stack     at EventEmitter.<anonymous> (D:\node\node_modules\npm\lib\utils\lifecycle.js:255:16)
14 verbose stack     at emitTwo (events.js:106:13)
14 verbose stack     at EventEmitter.emit (events.js:191:7)
14 verbose stack     at ChildProcess.<anonymous> (D:\node\node_modules\npm\lib\utils\spawn.js:40:14)
14 verbose stack     at emitTwo (events.js:106:13)
14 verbose stack     at ChildProcess.emit (events.js:191:7)
14 verbose stack     at maybeClose (internal/child_process.js:920:16)
14 verbose stack     at Process.ChildProcess._handle.onexit (internal/child_process.js:230:5)
15 verbose pkgid iview-project@2.1.0
16 verbose cwd E:\iview-project
17 error Windows_NT 10.0.10586
18 error argv "D:\\node\\node.exe" "D:\\node\\node_modules\\npm\\bin\\npm-cli.js" "run" "dev"
19 error node v6.11.3
20 error npm  v3.10.10
21 error code ELIFECYCLE
22 error iview-project@2.1.0 dev: `webpack-dev-server --content-base ./ --open --inline --hot --compress --history-api-fallback --config webpack.dev.config.js`
22 error Exit status 3221225786
23 error Failed at the iview-project@2.1.0 dev script 'webpack-dev-server --content-base ./ --open --inline --hot --compress --history-api-fallback --config webpack.dev.config.js'.
23 error Make sure you have the latest version of node.js and npm installed.
23 error If you do, this is most likely a problem with the iview-project package,
23 error not with npm itself.
23 error Tell the author that this fails on your system:
23 error     webpack-dev-server --content-base ./ --open --inline --hot --compress --history-api-fallback --config webpack.dev.config.js
23 error You can get information on how to open an issue for this project with:
23 error     npm bugs iview-project
23 error Or if that isn't available, you can get their info via:
23 error     npm owner ls iview-project
23 error There is likely additional logging output above.
24 verbose exit [ 1, true ]
